14:25:16 **** Build of configuration Debug for project freertos ****
make -r -j2 all 
Building file: ../src/freertos_main.c
Building file: ../freertos/src/croutine.c
Invoking: MCU C Compiler
Invoking: MCU C Compiler
arm-none-eabi-gcc -D__REDLIB__ -D__USE_CMSIS -DDEBUG -D__CODE_RED -I"/home/kkuwata/Documents/MCUXpresso_10.2.1_795/workspace/freertos/freertos/inc" -I"/home/kkuwata/Documents/MCUXpresso_10.2.1_795/workspace/lib_small_printf_m0/inc" -I"/home/kkuwata/Documents/MCUXpresso_10.2.1_795/workspace/freertos/cmsis" -I"/home/kkuwata/Documents/MCUXpresso_10.2.1_795/workspace/freertos/freertos/port/lpcxpresso/m0" -I"/home/kkuwata/Documents/MCUXpresso_10.2.1_795/workspace/freertos/config" -I"/home/kkuwata/Documents/MCUXpresso_10.2.1_795/workspace/freertos/driver" -O0 -g3 -Wall -c -fmessage-length=0 -fno-builtin -ffunction-sections -fdata-sections -mcpu=cortex-m0 -mthumb -D__REDLIB__ -specs=redlib.specs -MMD -MP -MF"freertos/src/croutine.d" -MT"freertos/src/croutine.o" -MT"freertos/src/croutine.d" -o "freertos/src/croutine.o" "../freertos/src/croutine.c"
arm-none-eabi-gcc -D__REDLIB__ -D__USE_CMSIS -DDEBUG -D__CODE_RED -I"/home/kkuwata/Documents/MCUXpresso_10.2.1_795/workspace/freertos/freertos/inc" -I"/home/kkuwata/Documents/MCUXpresso_10.2.1_795/workspace/lib_small_printf_m0/inc" -I"/home/kkuwata/Documents/MCUXpresso_10.2.1_795/workspace/freertos/cmsis" -I"/home/kkuwata/Documents/MCUXpresso_10.2.1_795/workspace/freertos/freertos/port/lpcxpresso/m0" -I"/home/kkuwata/Documents/MCUXpresso_10.2.1_795/workspace/freertos/config" -I"/home/kkuwata/Documents/MCUXpresso_10.2.1_795/workspace/freertos/driver" -O0 -g3 -Wall -c -fmessage-length=0 -fno-builtin -ffunction-sections -fdata-sections -mcpu=cortex-m0 -mthumb -D__REDLIB__ -specs=redlib.specs -MMD -MP -MF"src/freertos_main.d" -MT"src/freertos_main.o" -MT"src/freertos_main.d" -o "src/freertos_main.o" "../src/freertos_main.c"
Finished building: ../freertos/src/croutine.c
 
Building file: ../freertos/src/list.c
Invoking: MCU C Compiler
arm-none-eabi-gcc -D__REDLIB__ -D__USE_CMSIS -DDEBUG -D__CODE_RED -I"/home/kkuwata/Documents/MCUXpresso_10.2.1_795/workspace/freertos/freertos/inc" -I"/home/kkuwata/Documents/MCUXpresso_10.2.1_795/workspace/lib_small_printf_m0/inc" -I"/home/kkuwata/Documents/MCUXpresso_10.2.1_795/workspace/freertos/cmsis" -I"/home/kkuwata/Documents/MCUXpresso_10.2.1_795/workspace/freertos/freertos/port/lpcxpresso/m0" -I"/home/kkuwata/Documents/MCUXpresso_10.2.1_795/workspace/freertos/config" -I"/home/kkuwata/Documents/MCUXpresso_10.2.1_795/workspace/freertos/driver" -O0 -g3 -Wall -c -fmessage-length=0 -fno-builtin -ffunction-sections -fdata-sections -mcpu=cortex-m0 -mthumb -D__REDLIB__ -specs=redlib.specs -MMD -MP -MF"freertos/src/list.d" -MT"freertos/src/list.o" -MT"freertos/src/list.d" -o "freertos/src/list.o" "../freertos/src/list.c"
Finished building: ../src/freertos_main.c
 
Building file: ../freertos/src/queue.c
Invoking: MCU C Compiler
arm-none-eabi-gcc -D__REDLIB__ -D__USE_CMSIS -DDEBUG -D__CODE_RED -I"/home/kkuwata/Documents/MCUXpresso_10.2.1_795/workspace/freertos/freertos/inc" -I"/home/kkuwata/Documents/MCUXpresso_10.2.1_795/workspace/lib_small_printf_m0/inc" -I"/home/kkuwata/Documents/MCUXpresso_10.2.1_795/workspace/freertos/cmsis" -I"/home/kkuwata/Documents/MCUXpresso_10.2.1_795/workspace/freertos/freertos/port/lpcxpresso/m0" -I"/home/kkuwata/Documents/MCUXpresso_10.2.1_795/workspace/freertos/config" -I"/home/kkuwata/Documents/MCUXpresso_10.2.1_795/workspace/freertos/driver" -O0 -g3 -Wall -c -fmessage-length=0 -fno-builtin -ffunction-sections -fdata-sections -mcpu=cortex-m0 -mthumb -D__REDLIB__ -specs=redlib.specs -MMD -MP -MF"freertos/src/queue.d" -MT"freertos/src/queue.o" -MT"freertos/src/queue.d" -o "freertos/src/queue.o" "../freertos/src/queue.c"
Finished building: ../freertos/src/list.c
 
Building file: ../freertos/src/tasks.c
Invoking: MCU C Compiler
arm-none-eabi-gcc -D__REDLIB__ -D__USE_CMSIS -DDEBUG -D__CODE_RED -I"/home/kkuwata/Documents/MCUXpresso_10.2.1_795/workspace/freertos/freertos/inc" -I"/home/kkuwata/Documents/MCUXpresso_10.2.1_795/workspace/lib_small_printf_m0/inc" -I"/home/kkuwata/Documents/MCUXpresso_10.2.1_795/workspace/freertos/cmsis" -I"/home/kkuwata/Documents/MCUXpresso_10.2.1_795/workspace/freertos/freertos/port/lpcxpresso/m0" -I"/home/kkuwata/Documents/MCUXpresso_10.2.1_795/workspace/freertos/config" -I"/home/kkuwata/Documents/MCUXpresso_10.2.1_795/workspace/freertos/driver" -O0 -g3 -Wall -c -fmessage-length=0 -fno-builtin -ffunction-sections -fdata-sections -mcpu=cortex-m0 -mthumb -D__REDLIB__ -specs=redlib.specs -MMD -MP -MF"freertos/src/tasks.d" -MT"freertos/src/tasks.o" -MT"freertos/src/tasks.d" -o "freertos/src/tasks.o" "../freertos/src/tasks.c"
Finished building: ../freertos/src/queue.c
 
Building file: ../freertos/port/memmang/heap_2.c
Invoking: MCU C Compiler
arm-none-eabi-gcc -D__REDLIB__ -D__USE_CMSIS -DDEBUG -D__CODE_RED -I"/home/kkuwata/Documents/MCUXpresso_10.2.1_795/workspace/freertos/freertos/inc" -I"/home/kkuwata/Documents/MCUXpresso_10.2.1_795/workspace/lib_small_printf_m0/inc" -I"/home/kkuwata/Documents/MCUXpresso_10.2.1_795/workspace/freertos/cmsis" -I"/home/kkuwata/Documents/MCUXpresso_10.2.1_795/workspace/freertos/freertos/port/lpcxpresso/m0" -I"/home/kkuwata/Documents/MCUXpresso_10.2.1_795/workspace/freertos/config" -I"/home/kkuwata/Documents/MCUXpresso_10.2.1_795/workspace/freertos/driver" -O0 -g3 -Wall -c -fmessage-length=0 -fno-builtin -ffunction-sections -fdata-sections -mcpu=cortex-m0 -mthumb -D__REDLIB__ -specs=redlib.specs -MMD -MP -MF"freertos/port/memmang/heap_2.d" -MT"freertos/port/memmang/heap_2.o" -MT"freertos/port/memmang/heap_2.d" -o "freertos/port/memmang/heap_2.o" "../freertos/port/memmang/heap_2.c"
Finished building: ../freertos/src/tasks.c
 
Finished building: ../freertos/port/memmang/heap_2.c
 
Building file: ../driver/can.c
Building file: ../freertos/port/lpcxpresso/m0/port.c
Invoking: MCU C Compiler
Invoking: MCU C Compiler
arm-none-eabi-gcc -D__REDLIB__ -D__USE_CMSIS -DDEBUG -D__CODE_RED -I"/home/kkuwata/Documents/MCUXpresso_10.2.1_795/workspace/freertos/freertos/inc" -I"/home/kkuwata/Documents/MCUXpresso_10.2.1_795/workspace/lib_small_printf_m0/inc" -I"/home/kkuwata/Documents/MCUXpresso_10.2.1_795/workspace/freertos/cmsis" -I"/home/kkuwata/Documents/MCUXpresso_10.2.1_795/workspace/freertos/freertos/port/lpcxpresso/m0" -I"/home/kkuwata/Documents/MCUXpresso_10.2.1_795/workspace/freertos/config" -I"/home/kkuwata/Documents/MCUXpresso_10.2.1_795/workspace/freertos/driver" -O0 -g3 -Wall -c -fmessage-length=0 -fno-builtin -ffunction-sections -fdata-sections -mcpu=cortex-m0 -mthumb -D__REDLIB__ -specs=redlib.specs -MMD -MP -MF"freertos/port/lpcxpresso/m0/port.d" -MT"freertos/port/lpcxpresso/m0/port.o" -MT"freertos/port/lpcxpresso/m0/port.d" -o "freertos/port/lpcxpresso/m0/port.o" "../freertos/port/lpcxpresso/m0/port.c"
arm-none-eabi-gcc -D__REDLIB__ -D__USE_CMSIS -DDEBUG -D__CODE_RED -I"/home/kkuwata/Documents/MCUXpresso_10.2.1_795/workspace/freertos/freertos/inc" -I"/home/kkuwata/Documents/MCUXpresso_10.2.1_795/workspace/lib_small_printf_m0/inc" -I"/home/kkuwata/Documents/MCUXpresso_10.2.1_795/workspace/freertos/cmsis" -I"/home/kkuwata/Documents/MCUXpresso_10.2.1_795/workspace/freertos/freertos/port/lpcxpresso/m0" -I"/home/kkuwata/Documents/MCUXpresso_10.2.1_795/workspace/freertos/config" -I"/home/kkuwata/Documents/MCUXpresso_10.2.1_795/workspace/freertos/driver" -O0 -g3 -Wall -c -fmessage-length=0 -fno-builtin -ffunction-sections -fdata-sections -mcpu=cortex-m0 -mthumb -D__REDLIB__ -specs=redlib.specs -MMD -MP -MF"driver/can.d" -MT"driver/can.o" -MT"driver/can.d" -o "driver/can.o" "../driver/can.c"
Finished building: ../driver/can.c
 
Building file: ../driver/crp.c
Invoking: MCU C Compiler
arm-none-eabi-gcc -D__REDLIB__ -D__USE_CMSIS -DDEBUG -D__CODE_RED -I"/home/kkuwata/Documents/MCUXpresso_10.2.1_795/workspace/freertos/freertos/inc" -I"/home/kkuwata/Documents/MCUXpresso_10.2.1_795/workspace/lib_small_printf_m0/inc" -I"/home/kkuwata/Documents/MCUXpresso_10.2.1_795/workspace/freertos/cmsis" -I"/home/kkuwata/Documents/MCUXpresso_10.2.1_795/workspace/freertos/freertos/port/lpcxpresso/m0" -I"/home/kkuwata/Documents/MCUXpresso_10.2.1_795/workspace/freertos/config" -I"/home/kkuwata/Documents/MCUXpresso_10.2.1_795/workspace/freertos/driver" -O0 -g3 -Wall -c -fmessage-length=0 -fno-builtin -ffunction-sections -fdata-sections -mcpu=cortex-m0 -mthumb -D__REDLIB__ -specs=redlib.specs -MMD -MP -MF"driver/crp.d" -MT"driver/crp.o" -MT"driver/crp.d" -o "driver/crp.o" "../driver/crp.c"
Finished building: ../freertos/port/lpcxpresso/m0/port.c
 
Building file: ../driver/debug_printf.c
Invoking: MCU C Compiler
arm-none-eabi-gcc -D__REDLIB__ -D__USE_CMSIS -DDEBUG -D__CODE_RED -I"/home/kkuwata/Documents/MCUXpresso_10.2.1_795/workspace/freertos/freertos/inc" -I"/home/kkuwata/Documents/MCUXpresso_10.2.1_795/workspace/lib_small_printf_m0/inc" -I"/home/kkuwata/Documents/MCUXpresso_10.2.1_795/workspace/freertos/cmsis" -I"/home/kkuwata/Documents/MCUXpresso_10.2.1_795/workspace/freertos/freertos/port/lpcxpresso/m0" -I"/home/kkuwata/Documents/MCUXpresso_10.2.1_795/workspace/freertos/config" -I"/home/kkuwata/Documents/MCUXpresso_10.2.1_795/workspace/freertos/driver" -O0 -g3 -Wall -c -fmessage-length=0 -fno-builtin -ffunction-sections -fdata-sections -mcpu=cortex-m0 -mthumb -D__REDLIB__ -specs=redlib.specs -MMD -MP -MF"driver/debug_printf.d" -MT"driver/debug_printf.o" -MT"driver/debug_printf.d" -o "driver/debug_printf.o" "../driver/debug_printf.c"
Finished building: ../driver/crp.c
 
Building file: ../driver/small_gpio.c
Invoking: MCU C Compiler
arm-none-eabi-gcc -D__REDLIB__ -D__USE_CMSIS -DDEBUG -D__CODE_RED -I"/home/kkuwata/Documents/MCUXpresso_10.2.1_795/workspace/freertos/freertos/inc" -I"/home/kkuwata/Documents/MCUXpresso_10.2.1_795/workspace/lib_small_printf_m0/inc" -I"/home/kkuwata/Documents/MCUXpresso_10.2.1_795/workspace/freertos/cmsis" -I"/home/kkuwata/Documents/MCUXpresso_10.2.1_795/workspace/freertos/freertos/port/lpcxpresso/m0" -I"/home/kkuwata/Documents/MCUXpresso_10.2.1_795/workspace/freertos/config" -I"/home/kkuwata/Documents/MCUXpresso_10.2.1_795/workspace/freertos/driver" -O0 -g3 -Wall -c -fmessage-length=0 -fno-builtin -ffunction-sections -fdata-sections -mcpu=cortex-m0 -mthumb -D__REDLIB__ -specs=redlib.specs -MMD -MP -MF"driver/small_gpio.d" -MT"driver/small_gpio.o" -MT"driver/small_gpio.d" -o "driver/small_gpio.o" "../driver/small_gpio.c"
Finished building: ../driver/small_gpio.c
 
Building file: ../config/freertos_cr_startup_lpc11.c
Finished building: ../driver/debug_printf.c
Invoking: MCU C Compiler
arm-none-eabi-gcc -D__REDLIB__ -D__USE_CMSIS -DDEBUG -D__CODE_RED -I"/home/kkuwata/Documents/MCUXpresso_10.2.1_795/workspace/freertos/freertos/inc" -I"/home/kkuwata/Documents/MCUXpresso_10.2.1_795/workspace/lib_small_printf_m0/inc" -I"/home/kkuwata/Documents/MCUXpresso_10.2.1_795/workspace/freertos/cmsis" -I"/home/kkuwata/Documents/MCUXpresso_10.2.1_795/workspace/freertos/freertos/port/lpcxpresso/m0" -I"/home/kkuwata/Documents/MCUXpresso_10.2.1_795/workspace/freertos/config" -I"/home/kkuwata/Documents/MCUXpresso_10.2.1_795/workspace/freertos/driver" -O0 -g3 -Wall -c -fmessage-length=0 -fno-builtin -ffunction-sections -fdata-sections -mcpu=cortex-m0 -mthumb -D__REDLIB__ -specs=redlib.specs -MMD -MP -MF"config/freertos_cr_startup_lpc11.d" -MT"config/freertos_cr_startup_lpc11.o" -MT"config/freertos_cr_startup_lpc11.d" -o "config/freertos_cr_startup_lpc11.o" "../config/freertos_cr_startup_lpc11.c"
 
Building file: ../cmsis/core_cm0.c
Invoking: MCU C Compiler
arm-none-eabi-gcc -D__REDLIB__ -D__USE_CMSIS -DDEBUG -D__CODE_RED -I"/home/kkuwata/Documents/MCUXpresso_10.2.1_795/workspace/freertos/freertos/inc" -I"/home/kkuwata/Documents/MCUXpresso_10.2.1_795/workspace/lib_small_printf_m0/inc" -I"/home/kkuwata/Documents/MCUXpresso_10.2.1_795/workspace/freertos/cmsis" -I"/home/kkuwata/Documents/MCUXpresso_10.2.1_795/workspace/freertos/freertos/port/lpcxpresso/m0" -I"/home/kkuwata/Documents/MCUXpresso_10.2.1_795/workspace/freertos/config" -I"/home/kkuwata/Documents/MCUXpresso_10.2.1_795/workspace/freertos/driver" -O0 -Os -g3 -Wall -c -fmessage-length=0 -fno-builtin -ffunction-sections -fdata-sections -mcpu=cortex-m0 -mthumb -D__REDLIB__ -specs=redlib.specs -MMD -MP -MF"cmsis/core_cm0.d" -MT"cmsis/core_cm0.d" -o "cmsis/core_cm0.o" "../cmsis/core_cm0.c"
Finished building: ../config/freertos_cr_startup_lpc11.c
 
Building file: ../cmsis/system_LPC11xx.c
Invoking: MCU C Compiler
arm-none-eabi-gcc -D__REDLIB__ -D__USE_CMSIS -DDEBUG -D__CODE_RED -I"/home/kkuwata/Documents/MCUXpresso_10.2.1_795/workspace/freertos/freertos/inc" -I"/home/kkuwata/Documents/MCUXpresso_10.2.1_795/workspace/lib_small_printf_m0/inc" -I"/home/kkuwata/Documents/MCUXpresso_10.2.1_795/workspace/freertos/cmsis" -I"/home/kkuwata/Documents/MCUXpresso_10.2.1_795/workspace/freertos/freertos/port/lpcxpresso/m0" -I"/home/kkuwata/Documents/MCUXpresso_10.2.1_795/workspace/freertos/config" -I"/home/kkuwata/Documents/MCUXpresso_10.2.1_795/workspace/freertos/driver" -O0 -Os -g3 -Wall -c -fmessage-length=0 -fno-builtin -ffunction-sections -fdata-sections -mcpu=cortex-m0 -mthumb -D__REDLIB__ -specs=redlib.specs -MMD -MP -MF"cmsis/system_LPC11xx.d" -MT"cmsis/system_LPC11xx.d" -o "cmsis/system_LPC11xx.o" "../cmsis/system_LPC11xx.c"
Finished building: ../cmsis/core_cm0.c
 
Finished building: ../cmsis/system_LPC11xx.c
 
Building target: freertos.axf
Invoking: MCU Linker
arm-none-eabi-gcc -nostdlib -L"/home/kkuwata/Documents/MCUXpresso_10.2.1_795/workspace/lib_small_printf_m0/Lib" -Xlinker -Map=freertos.map -Xlinker --gc-sections -mcpu=cortex-m0 -mthumb -T "../linker/lpc1114_flash_crp.ld" -o "freertos.axf"  ./src/freertos_main.o  ./freertos/src/croutine.o ./freertos/src/list.o ./freertos/src/queue.o ./freertos/src/tasks.o  ./freertos/port/memmang/heap_2.o  ./freertos/port/lpcxpresso/m0/port.o  ./driver/can.o ./driver/crp.o ./driver/debug_printf.o ./driver/small_gpio.o  ./config/freertos_cr_startup_lpc11.o  ./cmsis/core_cm0.o ./cmsis/system_LPC11xx.o   -llib_small_printf_m0
./driver/debug_printf.o: In function `_debug_printf_flush':
/home/kkuwata/Documents/MCUXpresso_10.2.1_795/workspace/freertos/Debug/../driver/debug_printf.c:55: undefined reference to `__write'
collect2: error: ld returned 1 exit status
make: *** [freertos.axf] Error 1
makefile:36: recipe for target 'freertos.axf' failed

14:25:18 Build Finished (took 1s.633ms)

