19:00:49 **** Incremental Build of configuration Debug for project CMSIS_CORE_LPC11xx ****
make -r all 
make: Nothing to be done for 'all'.
19:00:55 **** Incremental Build of configuration Debug for project DDL_Lab4 ****
make -r -j2 all 
Building target: DDL_Lab4.axf
Invoking: MCU Linker
arm-none-eabi-gcc -nostdlib -L"/home/kkuwata/Documents/MCUXpresso_10.2.1_795/workspace_kk/CMSIS_CORE_LPC11xx/Debug" -Xlinker -Map="DDL_Lab4.map" -Xlinker --gc-sections -Xlinker -print-memory-usage -mcpu=cortex-m0 -mthumb -T "DDL_Lab4_Debug.ld" -o "DDL_Lab4.axf"  ./src/DDL_Lab4.o ./src/cr_startup_lpc11xx.o ./src/crp.o   -lCMSIS_CORE_LPC11xx
Memory region         Used Size  Region Size  %age Used
        MFlash64:        1796 B        64 KB      2.74%
         RamLoc8:          16 B         8 KB      0.20%
Finished building target: DDL_Lab4.axf
 
make --no-print-directory post-build
Performing post-build steps
arm-none-eabi-size "DDL_Lab4.axf"; # arm-none-eabi-objcopy -v -O binary "DDL_Lab4.axf" "DDL_Lab4.bin" ; # checksum -p LPC1115_303 -d "DDL_Lab4.bin";
   text	   data	    bss	    dec	    hex	filename
   1796	      0	     16	   1812	    714	DDL_Lab4.axf
 
19:01:22 **** Incremental Build of configuration Debug for project DDL_Lab4 ****
make -r -j2 all 
make: Nothing to be done for 'all'.
