"FreeRTOS Task Aware Debugger for GDB" version 1.0.6 (201807131518)
(c) 2016-2018 NXP Semiconductors, Inc.
==================================
18:42:51.660 INFO: [TadModel] DSF session ID 7 has started.
18:42:59.945 INFO: [TadState] TAD state changed:  DEBUG_STARTED -> DEBUG_INIT_0 (RESUMED, USER_REQUEST)
18:42:59.977 INFO: [TadState] TAD state changed:  DEBUG_INIT_0 -> DEBUG_INIT_1 (SUSPENDED, SIGNAL)
18:43:01.336 INFO: [TadState] TAD state changed:  DEBUG_INIT_1 -> DEBUG_SUSPENDED (RESUMED, USER_REQUEST)
18:43:01.509 INFO: [TadState] TAD state changed:  DEBUG_SUSPENDED -> DEBUG_SUSPENDED (SUSPENDED, BREAKPOINT)
18:43:03.521 INFO: [TadState] TAD state changed:  DEBUG_SUSPENDED -> DEBUG_RESUMED (RESUMED, USER_REQUEST)
18:43:03.788 INFO: [TadState] TAD state changed:  DEBUG_RESUMED -> READY (SUSPENDED, BREAKPOINT)
18:43:05.152 INFO: [TadState] TAD state changed:  READY -> DEBUG_RESUMED (RESUMED, USER_REQUEST)
18:43:05.575 INFO: [TadState] TAD state changed:  DEBUG_RESUMED -> READY (SUSPENDED, BREAKPOINT)
18:43:10.981 INFO: [TadState] TAD state changed:  READY -> DEBUG_RESUMED (RESUMED, STEP)
18:43:11.432 INFO: [TadState] TAD state changed:  DEBUG_RESUMED -> READY (SUSPENDED, STEP)
18:43:12.10 INFO: [TadState] TAD state changed:  READY -> DEBUG_RESUMED (RESUMED, STEP)
18:43:12.454 INFO: [TadState] TAD state changed:  DEBUG_RESUMED -> READY (SUSPENDED, STEP)
18:43:13.70 INFO: [TadState] TAD state changed:  READY -> DEBUG_RESUMED (RESUMED, STEP)
18:43:14.143 INFO: [TadState] TAD state changed:  DEBUG_RESUMED -> READY (SUSPENDED, STEP)
18:43:19.916 INFO: [TadState] TAD state changed:  READY -> DEBUG_RESUMED (RESUMED, STEP)
18:43:20.278 INFO: [TadState] TAD state changed:  DEBUG_RESUMED -> READY (SUSPENDED, STEP)
18:43:27.714 INFO: [TadModel] DSF session ID 7 has ended.
